<?xml version="1.0" encoding="UTF-8"?>
<!-- Generated by org.testng.reporters.JUnitXMLReporter -->
<testsuite ignored="0" hostname="sonal3154027" failures="0" tests="2" name="Surefire test" time="0.037" errors="0" timestamp="2023-02-23T17:13:54 IST">
  <testcase classname="com.nagarro.nagp.automationSampleApplication.AnnotationsTest" name="TestCase1" time="0.001"/>
  <testcase classname="com.nagarro.nagp.automationSampleApplication.AppTest" name="shouldAnswerWithTrue" time="0.003"/>
</testsuite> <!-- Surefire test -->
