<?xml version="1.0" encoding="UTF-8"?>
<!-- Generated by org.testng.reporters.JUnitXMLReporter -->
<testsuite ignored="4" hostname="sonal3154027" failures="0" tests="5" name="Test" time="0.092" errors="0" timestamp="2023-02-23T17:14:48 IST">
  <testcase classname="com.nagarro.nagp.automationSampleApplication.ChildA" name="TestCase1" time="0.006"/>
  <testcase classname="com.nagarro.nagp.automationSampleApplication.ChildB" name="TestCase1" time="0.002"/>
  <testcase classname="com.nagarro.nagp.automationSampleApplication.Calculator" name="testAdd" time="0.004"/>
  <testcase classname="com.nagarro.nagp.automationSampleApplication.Calculator" name="testFailedAdd" time="0.01"/>
  <testcase classname="com.nagarro.nagp.automationSampleApplication.Calculator" name="testSub" time="0.007"/>
  <testcase classname="com.nagarro.nagp.automationSampleApplication.AnnotationsTest" name="@AfterTest afterTest" time="0.0">
    <ignored/>
  </testcase> <!-- @AfterTest afterTest -->
  <testcase classname="com.nagarro.nagp.automationSampleApplication.AnnotationsTest" name="@AfterSuite afterSuite" time="0.0">
    <ignored/>
  </testcase> <!-- @AfterSuite afterSuite -->
  <testcase classname="com.nagarro.nagp.automationSampleApplication.AnnotationsTest" name="@BeforeTest beforeTest" time="0.0">
    <ignored/>
  </testcase> <!-- @BeforeTest beforeTest -->
  <testcase classname="com.nagarro.nagp.automationSampleApplication.AnnotationsTest" name="@BeforeSuite beforeSuite" time="0.0">
    <ignored/>
  </testcase> <!-- @BeforeSuite beforeSuite -->
</testsuite> <!-- Test -->
