<?xml version="1.0" encoding="UTF-8"?>
<testsuite xmlns:xsi="http://www.w3.org/2001/XMLSchema-instance" xsi:noNamespaceSchemaLocation="https://maven.apache.org/surefire/maven-surefire-plugin/xsd/surefire-test-report.xsd" name="TestSuite" time="1.133" tests="2" errors="0" skipped="0" failures="0">
  <properties>
[...]
</properties>
  <testcase name="TestCase1" classname="com.nagarro.nagp.automationSampleApplication.AnnotationsTest" time="0.004"/>
  <testcase name="shouldAnswerWithTrue" classname="com.nagarro.nagp.automationSampleApplication.AppTest" time="0.002"/>
</testsuite>