<?xml version="1.0" encoding="UTF-8"?>
<testng-results ignored="4" total="9" passed="5" failed="0" skipped="0">
  <reporter-output>
  </reporter-output>
  <suite started-at="2023-02-23T17:14:48 IST" name="Suite" finished-at="2023-02-23T17:14:48 IST" duration-ms="92">
    <groups>
    </groups>
    <test started-at="2023-02-23T17:14:48 IST" name="Test" finished-at="2023-02-23T17:14:48 IST" duration-ms="92">
      <class name="com.nagarro.nagp.automationSampleApplication.ChildB">
        <test-method is-config="true" signature="beforeClass()[pri:0, instance:com.nagarro.nagp.automationSampleApplication.ChildB@6f46426d]" started-at="2023-02-23T17:14:48 IST" name="beforeClass" finished-at="2023-02-23T17:14:48 IST" duration-ms="0" status="PASS">
          <reporter-output>
          </reporter-output>
        </test-method> <!-- beforeClass -->
        <test-method signature="TestCase1()[pri:0, instance:com.nagarro.nagp.automationSampleApplication.ChildB@6f46426d]" started-at="2023-02-23T17:14:48 IST" name="TestCase1" finished-at="2023-02-23T17:14:48 IST" duration-ms="2" status="PASS">
          <reporter-output>
          </reporter-output>
        </test-method> <!-- TestCase1 -->
        <test-method is-config="true" signature="beforeMethod()[pri:0, instance:com.nagarro.nagp.automationSampleApplication.ChildB@6f46426d]" started-at="2023-02-23T17:14:48 IST" name="beforeMethod" finished-at="2023-02-23T17:14:48 IST" duration-ms="0" status="PASS">
          <reporter-output>
          </reporter-output>
        </test-method> <!-- beforeMethod -->
        <test-method is-config="true" signature="afterMethod()[pri:0, instance:com.nagarro.nagp.automationSampleApplication.ChildB@6f46426d]" started-at="2023-02-23T17:14:48 IST" name="afterMethod" finished-at="2023-02-23T17:14:48 IST" duration-ms="1" status="PASS">
          <reporter-output>
          </reporter-output>
        </test-method> <!-- afterMethod -->
        <test-method is-config="true" signature="afterClass()[pri:0, instance:com.nagarro.nagp.automationSampleApplication.ChildB@6f46426d]" started-at="2023-02-23T17:14:48 IST" name="afterClass" finished-at="2023-02-23T17:14:48 IST" duration-ms="0" status="PASS">
          <reporter-output>
          </reporter-output>
        </test-method> <!-- afterClass -->
      </class> <!-- com.nagarro.nagp.automationSampleApplication.ChildB -->
      <class name="com.nagarro.nagp.automationSampleApplication.ChildA">
        <test-method is-config="true" signature="beforeSuite()[pri:0, instance:com.nagarro.nagp.automationSampleApplication.ChildA@3d5c822d]" started-at="2023-02-23T17:14:48 IST" name="beforeSuite" finished-at="2023-02-23T17:14:48 IST" duration-ms="14" status="PASS">
          <reporter-output>
          </reporter-output>
        </test-method> <!-- beforeSuite -->
        <test-method is-config="true" signature="beforeTest()[pri:0, instance:com.nagarro.nagp.automationSampleApplication.ChildA@3d5c822d]" started-at="2023-02-23T17:14:48 IST" name="beforeTest" finished-at="2023-02-23T17:14:48 IST" duration-ms="1" status="PASS">
          <reporter-output>
          </reporter-output>
        </test-method> <!-- beforeTest -->
        <test-method is-config="true" signature="beforeClass()[pri:0, instance:com.nagarro.nagp.automationSampleApplication.ChildA@3d5c822d]" started-at="2023-02-23T17:14:48 IST" name="beforeClass" finished-at="2023-02-23T17:14:48 IST" duration-ms="0" status="PASS">
          <reporter-output>
          </reporter-output>
        </test-method> <!-- beforeClass -->
        <test-method is-config="true" signature="beforeMethod()[pri:0, instance:com.nagarro.nagp.automationSampleApplication.ChildA@3d5c822d]" started-at="2023-02-23T17:14:48 IST" name="beforeMethod" finished-at="2023-02-23T17:14:48 IST" duration-ms="0" status="PASS">
          <reporter-output>
          </reporter-output>
        </test-method> <!-- beforeMethod -->
        <test-method signature="TestCase1()[pri:0, instance:com.nagarro.nagp.automationSampleApplication.ChildA@3d5c822d]" started-at="2023-02-23T17:14:48 IST" name="TestCase1" finished-at="2023-02-23T17:14:48 IST" duration-ms="6" status="PASS">
          <reporter-output>
          </reporter-output>
        </test-method> <!-- TestCase1 -->
        <test-method is-config="true" signature="afterMethod()[pri:0, instance:com.nagarro.nagp.automationSampleApplication.ChildA@3d5c822d]" started-at="2023-02-23T17:14:48 IST" name="afterMethod" finished-at="2023-02-23T17:14:48 IST" duration-ms="0" status="PASS">
          <reporter-output>
          </reporter-output>
        </test-method> <!-- afterMethod -->
        <test-method is-config="true" signature="afterClass()[pri:0, instance:com.nagarro.nagp.automationSampleApplication.ChildA@3d5c822d]" started-at="2023-02-23T17:14:48 IST" name="afterClass" finished-at="2023-02-23T17:14:48 IST" duration-ms="1" status="PASS">
          <reporter-output>
          </reporter-output>
        </test-method> <!-- afterClass -->
        <test-method is-config="true" signature="afterTest()[pri:0, instance:com.nagarro.nagp.automationSampleApplication.ChildA@3d5c822d]" started-at="2023-02-23T17:14:48 IST" name="afterTest" finished-at="2023-02-23T17:14:48 IST" duration-ms="1" status="PASS">
          <reporter-output>
          </reporter-output>
        </test-method> <!-- afterTest -->
        <test-method is-config="true" signature="afterSuite()[pri:0, instance:com.nagarro.nagp.automationSampleApplication.ChildA@3d5c822d]" started-at="2023-02-23T17:14:48 IST" name="afterSuite" finished-at="2023-02-23T17:14:48 IST" duration-ms="1" status="PASS">
          <reporter-output>
          </reporter-output>
        </test-method> <!-- afterSuite -->
      </class> <!-- com.nagarro.nagp.automationSampleApplication.ChildA -->
      <class name="com.nagarro.nagp.automationSampleApplication.Calculator">
        <test-method signature="testAdd()[pri:0, instance:com.nagarro.nagp.automationSampleApplication.Calculator@73700b80]" started-at="2023-02-23T17:14:48 IST" name="testAdd" finished-at="2023-02-23T17:14:48 IST" duration-ms="4" status="PASS">
          <reporter-output>
          </reporter-output>
        </test-method> <!-- testAdd -->
        <test-method signature="testFailedAdd()[pri:0, instance:com.nagarro.nagp.automationSampleApplication.Calculator@73700b80]" started-at="2023-02-23T17:14:48 IST" name="testFailedAdd" finished-at="2023-02-23T17:14:48 IST" duration-ms="10" status="PASS">
          <reporter-output>
          </reporter-output>
        </test-method> <!-- testFailedAdd -->
        <test-method signature="testSub()[pri:0, instance:com.nagarro.nagp.automationSampleApplication.Calculator@73700b80]" started-at="2023-02-23T17:14:48 IST" name="testSub" finished-at="2023-02-23T17:14:48 IST" duration-ms="7" status="PASS">
          <reporter-output>
          </reporter-output>
        </test-method> <!-- testSub -->
      </class> <!-- com.nagarro.nagp.automationSampleApplication.Calculator -->
    </test> <!-- Test -->
  </suite> <!-- Suite -->
</testng-results>
